  [1m[36m (1.4ms)[0m  [1mCREATE TABLE "comments" ("id" INTEGER PRIMARY KEY AUTOINCREMENT NOT NULL, "content" text, "message_id" integer, "user_id" integer, "created_at" datetime NOT NULL, "updated_at" datetime NOT NULL) [0m
  [1m[35m (0.1ms)[0m  select sqlite_version(*)
  [1m[36m (1.1ms)[0m  [1mCREATE  INDEX "index_comments_on_message_id" ON "comments" ("message_id")[0m
  [1m[35m (0.5ms)[0m              SELECT sql
            FROM sqlite_master
            WHERE name='index_comments_on_message_id' AND type='index'
            UNION ALL
            SELECT sql
            FROM sqlite_temp_master
            WHERE name='index_comments_on_message_id' AND type='index'

  [1m[36m (1.0ms)[0m  [1mCREATE  INDEX "index_comments_on_user_id" ON "comments" ("user_id")[0m
  [1m[35m (1.2ms)[0m  CREATE TABLE "messages" ("id" INTEGER PRIMARY KEY AUTOINCREMENT NOT NULL, "title" varchar, "description" text, "created_at" datetime NOT NULL, "updated_at" datetime NOT NULL, "user_id" integer) 
  [1m[36m (1.2ms)[0m  [1mCREATE TABLE "roles" ("id" INTEGER PRIMARY KEY AUTOINCREMENT NOT NULL, "name" varchar, "resource_id" integer, "resource_type" varchar, "created_at" datetime, "updated_at" datetime) [0m
  [1m[35m (1.0ms)[0m  CREATE  INDEX "index_roles_on_name_and_resource_type_and_resource_id" ON "roles" ("name", "resource_type", "resource_id")
  [1m[36m (0.2ms)[0m  [1m            SELECT sql
            FROM sqlite_master
            WHERE name='index_roles_on_name_and_resource_type_and_resource_id' AND type='index'
            UNION ALL
            SELECT sql
            FROM sqlite_temp_master
            WHERE name='index_roles_on_name_and_resource_type_and_resource_id' AND type='index'
[0m
  [1m[35m (1.0ms)[0m  CREATE  INDEX "index_roles_on_name" ON "roles" ("name")
  [1m[36m (1.2ms)[0m  [1mCREATE TABLE "users" ("id" INTEGER PRIMARY KEY AUTOINCREMENT NOT NULL, "email" varchar DEFAULT '' NOT NULL, "encrypted_password" varchar DEFAULT '' NOT NULL, "reset_password_token" varchar, "reset_password_sent_at" datetime, "remember_created_at" datetime, "sign_in_count" integer DEFAULT 0 NOT NULL, "current_sign_in_at" datetime, "last_sign_in_at" datetime, "current_sign_in_ip" varchar, "last_sign_in_ip" varchar, "created_at" datetime, "updated_at" datetime, "login" varchar, "full_name" varchar, "birthday" datetime, "address" varchar, "city" varchar, "state" varchar, "country" varchar, "zip" varchar, "latitude" float, "longitude" float, "provider" varchar, "uid" varchar) [0m
  [1m[35m (8.5ms)[0m  CREATE UNIQUE INDEX "index_users_on_email" ON "users" ("email")
  [1m[36m (0.5ms)[0m  [1m            SELECT sql
            FROM sqlite_master
            WHERE name='index_users_on_email' AND type='index'
            UNION ALL
            SELECT sql
            FROM sqlite_temp_master
            WHERE name='index_users_on_email' AND type='index'
[0m
  [1m[35m (3.4ms)[0m  CREATE UNIQUE INDEX "index_users_on_reset_password_token" ON "users" ("reset_password_token")
  [1m[36m (2.1ms)[0m  [1mCREATE TABLE "users_roles" ("user_id" integer, "role_id" integer) [0m
  [1m[35m (2.8ms)[0m  CREATE  INDEX "index_users_roles_on_user_id_and_role_id" ON "users_roles" ("user_id", "role_id")
  [1m[36m (1.9ms)[0m  [1mCREATE TABLE "schema_migrations" ("version" varchar NOT NULL) [0m
  [1m[35m (1.6ms)[0m  CREATE UNIQUE INDEX "unique_schema_migrations" ON "schema_migrations" ("version")
  [1m[36m (0.4ms)[0m  [1mSELECT version FROM "schema_migrations"[0m
  [1m[35m (1.0ms)[0m  INSERT INTO "schema_migrations" (version) VALUES ('20160411161646')
  [1m[36m (1.0ms)[0m  [1mINSERT INTO "schema_migrations" (version) VALUES ('20150518171435')[0m
  [1m[35m (3.6ms)[0m  INSERT INTO "schema_migrations" (version) VALUES ('20150518182200')
  [1m[36m (1.0ms)[0m  [1mINSERT INTO "schema_migrations" (version) VALUES ('20150518182640')[0m
  [1m[35m (1.0ms)[0m  INSERT INTO "schema_migrations" (version) VALUES ('20150518185634')
  [1m[36m (2.7ms)[0m  [1mINSERT INTO "schema_migrations" (version) VALUES ('20160331111128')[0m
  [1m[35m (2.2ms)[0m  INSERT INTO "schema_migrations" (version) VALUES ('20160331113014')
  [1m[36m (1.6ms)[0m  [1mINSERT INTO "schema_migrations" (version) VALUES ('20160331132506')[0m
  [1m[35m (1.4ms)[0m  CREATE TABLE "comments" ("id" INTEGER PRIMARY KEY AUTOINCREMENT NOT NULL, "content" text, "message_id" integer, "user_id" integer, "created_at" datetime NOT NULL, "updated_at" datetime NOT NULL) 
  [1m[36m (0.1ms)[0m  [1mselect sqlite_version(*)[0m
  [1m[35m (0.8ms)[0m  CREATE  INDEX "index_comments_on_message_id" ON "comments" ("message_id")
  [1m[36m (0.2ms)[0m  [1m            SELECT sql
            FROM sqlite_master
            WHERE name='index_comments_on_message_id' AND type='index'
            UNION ALL
            SELECT sql
            FROM sqlite_temp_master
            WHERE name='index_comments_on_message_id' AND type='index'
[0m
  [1m[35m (1.2ms)[0m  CREATE  INDEX "index_comments_on_user_id" ON "comments" ("user_id")
  [1m[36m (1.1ms)[0m  [1mCREATE TABLE "messages" ("id" INTEGER PRIMARY KEY AUTOINCREMENT NOT NULL, "title" varchar, "description" text, "created_at" datetime NOT NULL, "updated_at" datetime NOT NULL, "user_id" integer) [0m
  [1m[35m (1.1ms)[0m  CREATE TABLE "roles" ("id" INTEGER PRIMARY KEY AUTOINCREMENT NOT NULL, "name" varchar, "resource_id" integer, "resource_type" varchar, "created_at" datetime, "updated_at" datetime) 
  [1m[36m (1.0ms)[0m  [1mCREATE  INDEX "index_roles_on_name_and_resource_type_and_resource_id" ON "roles" ("name", "resource_type", "resource_id")[0m
  [1m[35m (0.2ms)[0m              SELECT sql
            FROM sqlite_master
            WHERE name='index_roles_on_name_and_resource_type_and_resource_id' AND type='index'
            UNION ALL
            SELECT sql
            FROM sqlite_temp_master
            WHERE name='index_roles_on_name_and_resource_type_and_resource_id' AND type='index'

  [1m[36m (1.5ms)[0m  [1mCREATE  INDEX "index_roles_on_name" ON "roles" ("name")[0m
  [1m[35m (1.4ms)[0m  CREATE TABLE "users" ("id" INTEGER PRIMARY KEY AUTOINCREMENT NOT NULL, "email" varchar DEFAULT '' NOT NULL, "encrypted_password" varchar DEFAULT '' NOT NULL, "reset_password_token" varchar, "reset_password_sent_at" datetime, "remember_created_at" datetime, "sign_in_count" integer DEFAULT 0 NOT NULL, "current_sign_in_at" datetime, "last_sign_in_at" datetime, "current_sign_in_ip" varchar, "last_sign_in_ip" varchar, "created_at" datetime, "updated_at" datetime, "login" varchar, "full_name" varchar, "birthday" datetime, "address" varchar, "city" varchar, "state" varchar, "country" varchar, "zip" varchar, "latitude" float, "longitude" float, "provider" varchar, "uid" varchar) 
  [1m[36m (1.0ms)[0m  [1mCREATE UNIQUE INDEX "index_users_on_email" ON "users" ("email")[0m
  [1m[35m (0.1ms)[0m              SELECT sql
            FROM sqlite_master
            WHERE name='index_users_on_email' AND type='index'
            UNION ALL
            SELECT sql
            FROM sqlite_temp_master
            WHERE name='index_users_on_email' AND type='index'

  [1m[36m (1.3ms)[0m  [1mCREATE UNIQUE INDEX "index_users_on_reset_password_token" ON "users" ("reset_password_token")[0m
  [1m[35m (3.7ms)[0m  CREATE TABLE "users_roles" ("user_id" integer, "role_id" integer) 
  [1m[36m (1.1ms)[0m  [1mCREATE  INDEX "index_users_roles_on_user_id_and_role_id" ON "users_roles" ("user_id", "role_id")[0m
  [1m[35m (1.0ms)[0m  CREATE TABLE "schema_migrations" ("version" varchar NOT NULL) 
  [1m[36m (0.9ms)[0m  [1mCREATE UNIQUE INDEX "unique_schema_migrations" ON "schema_migrations" ("version")[0m
  [1m[35m (0.2ms)[0m  SELECT version FROM "schema_migrations"
  [1m[36m (0.9ms)[0m  [1mINSERT INTO "schema_migrations" (version) VALUES ('20160411161646')[0m
  [1m[35m (0.8ms)[0m  INSERT INTO "schema_migrations" (version) VALUES ('20150518171435')
  [1m[36m (0.9ms)[0m  [1mINSERT INTO "schema_migrations" (version) VALUES ('20150518182200')[0m
  [1m[35m (1.0ms)[0m  INSERT INTO "schema_migrations" (version) VALUES ('20150518182640')
  [1m[36m (0.8ms)[0m  [1mINSERT INTO "schema_migrations" (version) VALUES ('20150518185634')[0m
  [1m[35m (0.9ms)[0m  INSERT INTO "schema_migrations" (version) VALUES ('20160331111128')
  [1m[36m (1.5ms)[0m  [1mINSERT INTO "schema_migrations" (version) VALUES ('20160331113014')[0m
  [1m[35m (1.7ms)[0m  INSERT INTO "schema_migrations" (version) VALUES ('20160331132506')
  [1m[36mActiveRecord::SchemaMigration Load (0.3ms)[0m  [1mSELECT "schema_migrations".* FROM "schema_migrations"[0m
  [1m[35m (0.1ms)[0m  begin transaction
  [1m[36mUser Exists (0.2ms)[0m  [1mSELECT  1 AS one FROM "users" WHERE "users"."email" = 'admin@example.com' LIMIT 1[0m
  [1m[35mSQL (0.5ms)[0m  INSERT INTO "users" ("login", "full_name", "email", "encrypted_password", "created_at", "updated_at") VALUES (?, ?, ?, ?, ?, ?)  [["login", "admin"], ["full_name", "Admin"], ["email", "admin@example.com"], ["encrypted_password", "$2a$10$arp482b9nukHa.5zIrSEMumpBHsemXW2AP36bgTBIWUJPOhfvtKdC"], ["created_at", "2016-04-15 11:48:06.990664"], ["updated_at", "2016-04-15 11:48:06.990664"]]
  [1m[36m (1.1ms)[0m  [1mcommit transaction[0m


Started GET "/" for ::1 at 2016-04-15 14:48:57 +0300
  [1m[36mActiveRecord::SchemaMigration Load (0.2ms)[0m  [1mSELECT "schema_migrations".* FROM "schema_migrations"[0m
Processing by MessagesController#index as HTML
  [1m[35mMessage Load (0.2ms)[0m  SELECT "messages".* FROM "messages"  ORDER BY created_at DESC
  Rendered messages/index.html.haml within layouts/application (5.2ms)
Completed 200 OK in 5954ms (Views: 5933.4ms | ActiveRecord: 0.3ms)


Started GET "/assets/omniauth_callbacks.self-e3b0c44298fc1c149afbf4c8996fb92427ae41e4649b934ca495991b7852b855.css?body=1" for ::1 at 2016-04-15 14:49:03 +0300


Started GET "/assets/users/omniauth_callbacks.self-e3b0c44298fc1c149afbf4c8996fb92427ae41e4649b934ca495991b7852b855.css?body=1" for ::1 at 2016-04-15 14:49:03 +0300


Started GET "/assets/jquery.self-d03a5518f45df77341bdbe6201ba3bfa547ebba8ed64f0ea56bfa5f96ea7c074.js?body=1" for ::1 at 2016-04-15 14:49:03 +0300


Started GET "/assets/bootstrap/button.self-37c62bff1d75f86f3348b8679873d5156d8b9938b62841038dca21690f4740f1.js?body=1" for ::1 at 2016-04-15 14:49:03 +0300


Started GET "/assets/bootstrap/affix.self-68d1a5161d04ca9fe1b9d9f4114d9426c7798bf90f2703a97aca35c8113469bb.js?body=1" for ::1 at 2016-04-15 14:49:03 +0300


Started GET "/assets/application.self-5245892b7cad2e6af5755f7454910a4847a83ebab7b8a68cde806ca3071d3941.css?body=1" for ::1 at 2016-04-15 14:49:03 +0300


Started GET "/assets/bootstrap/carousel.self-9aaab1a477b9c1156bab751cb8da47f77dace6da88eef8ae830e60f3cff3a8be.js?body=1" for ::1 at 2016-04-15 14:49:03 +0300


Started GET "/assets/jquery_ujs.self-8e98a7a072a6cee1372d19fff9ff3e6aa1e39a37d89d6f06861637d061113ee7.js?body=1" for ::1 at 2016-04-15 14:49:03 +0300


Started GET "/assets/bootstrap/alert.self-15ce09eba576e56db3edfd87accc0ff48823df915169e350b4fd97290f96aee1.js?body=1" for ::1 at 2016-04-15 14:49:03 +0300


Started GET "/assets/bootstrap/collapse.self-eeece00cd06a3d7cc071ab7845b549d4991edd0f0895e4be70fe40bac2fb5f4b.js?body=1" for ::1 at 2016-04-15 14:49:03 +0300


Started GET "/assets/bootstrap/dropdown.self-a3998e7ca949c04cb86b5c635deb0abcc7a24dc02e81be66b8acfef02d811e45.js?body=1" for ::1 at 2016-04-15 14:49:03 +0300


Started GET "/assets/bootstrap/scrollspy.self-5ea180afe4404f83fc97d997833f2edefd34475b0b5ddab310e27abc2bbd5f2f.js?body=1" for ::1 at 2016-04-15 14:49:03 +0300


Started GET "/assets/bootstrap/modal.self-f2759e138605770e60526c00c6d86cbb3378da203641f9d6b204c9f0192b9267.js?body=1" for ::1 at 2016-04-15 14:49:03 +0300


Started GET "/assets/bootstrap/tab.self-e1bba7115c90301056ee94c4716de2fcbe4498015def2dab9ff9879f339bd245.js?body=1" for ::1 at 2016-04-15 14:49:03 +0300


Started GET "/assets/bootstrap/transition.self-7742dca5e6acf313fbb217811b48468282cddf1a9baea5c89ec92e367ef242cb.js?body=1" for ::1 at 2016-04-15 14:49:03 +0300


Started GET "/assets/bootstrap/tooltip.self-c3b5c16f394ab9c0391db4431aac4f2d2ddf1bba4c5d3228ed343de05ecc8e83.js?body=1" for ::1 at 2016-04-15 14:49:03 +0300


Started GET "/assets/bootstrap/popover.self-2674d99c3ab0415dba0b958a80b3840f70ff6368b155d890306c0291be49453b.js?body=1" for ::1 at 2016-04-15 14:49:03 +0300


Started GET "/assets/bootstrap-sprockets.self-fbfa5ad7d9aa0afe439ec4ff3883acc4cb92b62cb67c40d674320c9aa1d4642d.js?body=1" for ::1 at 2016-04-15 14:49:03 +0300


Started GET "/assets/turbolinks.self-c37727e9bd6b2735da5c311aa83fead54ed0be6cc8bd9a65309e9c5abe2cbfff.js?body=1" for ::1 at 2016-04-15 14:49:03 +0300


Started GET "/assets/omniauth_callbacks.self-877aef30ae1b040ab8a3aba4e3e309a11d7f2612f44dde450b5c157aa5f95c05.js?body=1" for ::1 at 2016-04-15 14:49:03 +0300


Started GET "/assets/users/omniauth_callbacks.self-877aef30ae1b040ab8a3aba4e3e309a11d7f2612f44dde450b5c157aa5f95c05.js?body=1" for ::1 at 2016-04-15 14:49:03 +0300


Started GET "/assets/application.self-f8806224e027f3e3f0138ea9ce99319e298dfdb323304d1f1be6eae8e8c74724.js?body=1" for ::1 at 2016-04-15 14:49:03 +0300


Started GET "/apple-touch-icon-precomposed.png" for ::1 at 2016-04-15 14:49:04 +0300

ActionController::RoutingError (No route matches [GET] "/apple-touch-icon-precomposed.png"):
  actionpack (4.2.1) lib/action_dispatch/middleware/debug_exceptions.rb:21:in `call'
  web-console (2.1.2) lib/web_console/middleware.rb:37:in `call'
  actionpack (4.2.1) lib/action_dispatch/middleware/show_exceptions.rb:30:in `call'
  railties (4.2.1) lib/rails/rack/logger.rb:38:in `call_app'
  railties (4.2.1) lib/rails/rack/logger.rb:20:in `block in call'
  activesupport (4.2.1) lib/active_support/tagged_logging.rb:68:in `block in tagged'
  activesupport (4.2.1) lib/active_support/tagged_logging.rb:26:in `tagged'
  activesupport (4.2.1) lib/active_support/tagged_logging.rb:68:in `tagged'
  railties (4.2.1) lib/rails/rack/logger.rb:20:in `call'
  actionpack (4.2.1) lib/action_dispatch/middleware/request_id.rb:21:in `call'
  rack (1.6.1) lib/rack/methodoverride.rb:22:in `call'
  rack (1.6.1) lib/rack/runtime.rb:18:in `call'
  activesupport (4.2.1) lib/active_support/cache/strategy/local_cache_middleware.rb:28:in `call'
  rack (1.6.1) lib/rack/lock.rb:17:in `call'
  actionpack (4.2.1) lib/action_dispatch/middleware/static.rb:113:in `call'
  rack (1.6.1) lib/rack/sendfile.rb:113:in `call'
  railties (4.2.1) lib/rails/engine.rb:518:in `call'
  railties (4.2.1) lib/rails/application.rb:164:in `call'
  rack (1.6.1) lib/rack/lock.rb:17:in `call'
  rack (1.6.1) lib/rack/content_length.rb:15:in `call'
  rack (1.6.1) lib/rack/handler/webrick.rb:89:in `service'
  /Users/madundead/.rbenv/versions/2.3.0/lib/ruby/2.3.0/webrick/httpserver.rb:140:in `service'
  /Users/madundead/.rbenv/versions/2.3.0/lib/ruby/2.3.0/webrick/httpserver.rb:96:in `run'
  /Users/madundead/.rbenv/versions/2.3.0/lib/ruby/2.3.0/webrick/server.rb:296:in `block in start_thread'


  Rendered /Users/madundead/.rbenv/versions/2.3.0/lib/ruby/gems/2.3.0/gems/actionpack-4.2.1/lib/action_dispatch/middleware/templates/rescues/_trace.html.erb (2.3ms)
  Rendered /Users/madundead/.rbenv/versions/2.3.0/lib/ruby/gems/2.3.0/gems/actionpack-4.2.1/lib/action_dispatch/middleware/templates/routes/_route.html.erb (3.4ms)
  Rendered /Users/madundead/.rbenv/versions/2.3.0/lib/ruby/gems/2.3.0/gems/actionpack-4.2.1/lib/action_dispatch/middleware/templates/routes/_table.html.erb (7.2ms)
  Rendered /Users/madundead/.rbenv/versions/2.3.0/lib/ruby/gems/2.3.0/gems/actionpack-4.2.1/lib/action_dispatch/middleware/templates/rescues/_request_and_response.html.erb (1.4ms)
  Rendered /Users/madundead/.rbenv/versions/2.3.0/lib/ruby/gems/2.3.0/gems/actionpack-4.2.1/lib/action_dispatch/middleware/templates/rescues/routing_error.html.erb within rescues/layout (179.3ms)
  Rendered /Users/madundead/.rbenv/versions/2.3.0/lib/ruby/gems/2.3.0/gems/web-console-2.1.2/lib/web_console/templates/_markup.html.erb (0.5ms)
  Rendered /Users/madundead/.rbenv/versions/2.3.0/lib/ruby/gems/2.3.0/gems/web-console-2.1.2/lib/web_console/templates/style.css.erb within layouts/inlined_string (0.5ms)
  Rendered /Users/madundead/.rbenv/versions/2.3.0/lib/ruby/gems/2.3.0/gems/web-console-2.1.2/lib/web_console/templates/_inner_console_markup.html.erb within layouts/inlined_string (0.5ms)
  Rendered /Users/madundead/.rbenv/versions/2.3.0/lib/ruby/gems/2.3.0/gems/web-console-2.1.2/lib/web_console/templates/_prompt_box_markup.html.erb within layouts/inlined_string (0.5ms)
  Rendered /Users/madundead/.rbenv/versions/2.3.0/lib/ruby/gems/2.3.0/gems/web-console-2.1.2/lib/web_console/templates/console.js.erb within layouts/javascript (157.6ms)
  Rendered /Users/madundead/.rbenv/versions/2.3.0/lib/ruby/gems/2.3.0/gems/web-console-2.1.2/lib/web_console/templates/main.js.erb within layouts/javascript (0.6ms)
  Rendered /Users/madundead/.rbenv/versions/2.3.0/lib/ruby/gems/2.3.0/gems/web-console-2.1.2/lib/web_console/templates/error_page.js.erb within layouts/javascript (1.3ms)
  Rendered /Users/madundead/.rbenv/versions/2.3.0/lib/ruby/gems/2.3.0/gems/web-console-2.1.2/lib/web_console/templates/index.html.erb (320.8ms)


Started GET "/apple-touch-icon.png" for ::1 at 2016-04-15 14:49:04 +0300

ActionController::RoutingError (No route matches [GET] "/apple-touch-icon.png"):
  actionpack (4.2.1) lib/action_dispatch/middleware/debug_exceptions.rb:21:in `call'
  web-console (2.1.2) lib/web_console/middleware.rb:37:in `call'
  actionpack (4.2.1) lib/action_dispatch/middleware/show_exceptions.rb:30:in `call'
  railties (4.2.1) lib/rails/rack/logger.rb:38:in `call_app'
  railties (4.2.1) lib/rails/rack/logger.rb:20:in `block in call'
  activesupport (4.2.1) lib/active_support/tagged_logging.rb:68:in `block in tagged'
  activesupport (4.2.1) lib/active_support/tagged_logging.rb:26:in `tagged'
  activesupport (4.2.1) lib/active_support/tagged_logging.rb:68:in `tagged'
  railties (4.2.1) lib/rails/rack/logger.rb:20:in `call'
  actionpack (4.2.1) lib/action_dispatch/middleware/request_id.rb:21:in `call'
  rack (1.6.1) lib/rack/methodoverride.rb:22:in `call'
  rack (1.6.1) lib/rack/runtime.rb:18:in `call'
  activesupport (4.2.1) lib/active_support/cache/strategy/local_cache_middleware.rb:28:in `call'
  rack (1.6.1) lib/rack/lock.rb:17:in `call'
  actionpack (4.2.1) lib/action_dispatch/middleware/static.rb:113:in `call'
  rack (1.6.1) lib/rack/sendfile.rb:113:in `call'
  railties (4.2.1) lib/rails/engine.rb:518:in `call'
  railties (4.2.1) lib/rails/application.rb:164:in `call'
  rack (1.6.1) lib/rack/lock.rb:17:in `call'
  rack (1.6.1) lib/rack/content_length.rb:15:in `call'
  rack (1.6.1) lib/rack/handler/webrick.rb:89:in `service'
  /Users/madundead/.rbenv/versions/2.3.0/lib/ruby/2.3.0/webrick/httpserver.rb:140:in `service'
  /Users/madundead/.rbenv/versions/2.3.0/lib/ruby/2.3.0/webrick/httpserver.rb:96:in `run'
  /Users/madundead/.rbenv/versions/2.3.0/lib/ruby/2.3.0/webrick/server.rb:296:in `block in start_thread'


  Rendered /Users/madundead/.rbenv/versions/2.3.0/lib/ruby/gems/2.3.0/gems/actionpack-4.2.1/lib/action_dispatch/middleware/templates/rescues/_trace.html.erb (2.2ms)
  Rendered /Users/madundead/.rbenv/versions/2.3.0/lib/ruby/gems/2.3.0/gems/actionpack-4.2.1/lib/action_dispatch/middleware/templates/routes/_route.html.erb (3.6ms)
  Rendered /Users/madundead/.rbenv/versions/2.3.0/lib/ruby/gems/2.3.0/gems/actionpack-4.2.1/lib/action_dispatch/middleware/templates/routes/_table.html.erb (2.1ms)
  Rendered /Users/madundead/.rbenv/versions/2.3.0/lib/ruby/gems/2.3.0/gems/actionpack-4.2.1/lib/action_dispatch/middleware/templates/rescues/_request_and_response.html.erb (1.5ms)
  Rendered /Users/madundead/.rbenv/versions/2.3.0/lib/ruby/gems/2.3.0/gems/actionpack-4.2.1/lib/action_dispatch/middleware/templates/rescues/routing_error.html.erb within rescues/layout (167.6ms)
  Rendered /Users/madundead/.rbenv/versions/2.3.0/lib/ruby/gems/2.3.0/gems/web-console-2.1.2/lib/web_console/templates/_markup.html.erb (0.5ms)
  Rendered /Users/madundead/.rbenv/versions/2.3.0/lib/ruby/gems/2.3.0/gems/web-console-2.1.2/lib/web_console/templates/style.css.erb within layouts/inlined_string (1.1ms)
  Rendered /Users/madundead/.rbenv/versions/2.3.0/lib/ruby/gems/2.3.0/gems/web-console-2.1.2/lib/web_console/templates/_inner_console_markup.html.erb within layouts/inlined_string (0.4ms)
  Rendered /Users/madundead/.rbenv/versions/2.3.0/lib/ruby/gems/2.3.0/gems/web-console-2.1.2/lib/web_console/templates/_prompt_box_markup.html.erb within layouts/inlined_string (0.4ms)
  Rendered /Users/madundead/.rbenv/versions/2.3.0/lib/ruby/gems/2.3.0/gems/web-console-2.1.2/lib/web_console/templates/console.js.erb within layouts/javascript (138.6ms)
  Rendered /Users/madundead/.rbenv/versions/2.3.0/lib/ruby/gems/2.3.0/gems/web-console-2.1.2/lib/web_console/templates/main.js.erb within layouts/javascript (0.6ms)
  Rendered /Users/madundead/.rbenv/versions/2.3.0/lib/ruby/gems/2.3.0/gems/web-console-2.1.2/lib/web_console/templates/error_page.js.erb within layouts/javascript (0.6ms)
  Rendered /Users/madundead/.rbenv/versions/2.3.0/lib/ruby/gems/2.3.0/gems/web-console-2.1.2/lib/web_console/templates/index.html.erb (270.6ms)


Started GET "/users/auth/twitter" for ::1 at 2016-04-15 14:49:05 +0300


Started GET "/users/auth/twitter" for ::1 at 2016-04-15 14:49:06 +0300


Started GET "/users/auth/twitter/callback?oauth_token=jQSz8QAAAAAAulGlAAABVBnAzWY&oauth_verifier=NMLRELH4r4Na7g0QpyztvCaQd0Nd1o2g" for ::1 at 2016-04-15 14:49:12 +0300
Processing by Users::OmniauthCallbacksController#twitter as HTML
  Parameters: {"oauth_token"=>"jQSz8QAAAAAAulGlAAABVBnAzWY", "oauth_verifier"=>"NMLRELH4r4Na7g0QpyztvCaQd0Nd1o2g"}
  [1m[36mUser Load (0.3ms)[0m  [1mSELECT  "users".* FROM "users" WHERE "users"."provider" = ? AND "users"."uid" = ?  ORDER BY "users"."id" ASC LIMIT 1[0m  [["provider", "twitter"], ["uid", "85702176"]]
  [1m[35m (0.1ms)[0m  begin transaction
  [1m[36m (0.1ms)[0m  [1mrollback transaction[0m
Redirected to http://localhost:3000/users/sign_up
Completed 302 Found in 145ms (ActiveRecord: 1.4ms)


Started GET "/users/sign_up" for ::1 at 2016-04-15 14:49:13 +0300
Processing by Devise::RegistrationsController#new as HTML
  Rendered devise/shared/_links.html.haml (3.6ms)
  Rendered devise/registrations/new.html.haml within layouts/application (514.8ms)
Completed 200 OK in 652ms (Views: 650.6ms | ActiveRecord: 0.0ms)
  [1m[36mUser Load (0.3ms)[0m  [1mSELECT  "users".* FROM "users"  ORDER BY "users"."id" DESC LIMIT 1[0m
  [1m[35m (0.2ms)[0m  SELECT COUNT(*) FROM "users"


Started GET "/users/auth/twitter" for ::1 at 2016-04-15 14:51:27 +0300
  [1m[36mActiveRecord::SchemaMigration Load (0.3ms)[0m  [1mSELECT "schema_migrations".* FROM "schema_migrations"[0m


Started GET "/users/auth/twitter" for ::1 at 2016-04-15 14:51:28 +0300


Started GET "/users/auth/twitter/callback?oauth_token=l7xnbAAAAAAAulGlAAABVBnC-Xg&oauth_verifier=apGyVfsVM9nSaGvAiMGlJRrEJOgzKmUs" for ::1 at 2016-04-15 14:51:30 +0300
Processing by Users::OmniauthCallbacksController#twitter as HTML
  Parameters: {"oauth_token"=>"l7xnbAAAAAAAulGlAAABVBnC-Xg", "oauth_verifier"=>"apGyVfsVM9nSaGvAiMGlJRrEJOgzKmUs"}
  [1m[35mUser Load (0.3ms)[0m  SELECT  "users".* FROM "users" WHERE "users"."provider" = ? AND "users"."uid" = ?  ORDER BY "users"."id" ASC LIMIT 1  [["provider", "twitter"], ["uid", "85702176"]]
  [1m[36m (0.1ms)[0m  [1mbegin transaction[0m
  [1m[35m (0.1ms)[0m  rollback transaction
  [1m[36mUser Load (0.2ms)[0m  [1mSELECT  "users".* FROM "users" WHERE "users"."provider" = ? AND "users"."uid" = ?  ORDER BY "users"."id" ASC LIMIT 1[0m  [["provider", "twitter"], ["uid", "85702176"]]
  [1m[35m (0.2ms)[0m  begin transaction
  [1m[36m (0.1ms)[0m  [1mrollback transaction[0m
  [1m[36mUser Load (0.2ms)[0m  [1mSELECT  "users".* FROM "users"  ORDER BY "users"."id" DESC LIMIT 1[0m
Redirected to http://localhost:3000/users/sign_up
Completed 302 Found in 309864ms (ActiveRecord: 1.5ms)


Started GET "/users/auth/twitter/callback?oauth_token=l7xnbAAAAAAAulGlAAABVBnC-Xg&oauth_verifier=apGyVfsVM9nSaGvAiMGlJRrEJOgzKmUs" for ::1 at 2016-04-15 14:56:41 +0300
Processing by Users::OmniauthCallbacksController#failure as HTML
  Parameters: {"oauth_token"=>"l7xnbAAAAAAAulGlAAABVBnC-Xg", "oauth_verifier"=>"apGyVfsVM9nSaGvAiMGlJRrEJOgzKmUs"}
Redirected to http://localhost:3000/users/login
Completed 302 Found in 2ms (ActiveRecord: 0.0ms)


Started GET "/users/sign_up" for ::1 at 2016-04-15 14:56:42 +0300
Processing by Devise::RegistrationsController#new as HTML
  Rendered devise/shared/_links.html.haml (4.7ms)
  Rendered devise/registrations/new.html.haml within layouts/application (601.4ms)
Completed 200 OK in 1193ms (Views: 1161.8ms | ActiveRecord: 0.9ms)


Started GET "/users/login" for ::1 at 2016-04-15 14:56:43 +0300
Processing by Devise::SessionsController#new as HTML
  Rendered devise/shared/_links.html.haml (1.5ms)
  Rendered devise/sessions/new.html.haml within layouts/application (135.1ms)
Completed 200 OK in 374ms (Views: 371.5ms | ActiveRecord: 0.0ms)


Started GET "/users/auth/twitter" for ::1 at 2016-04-15 14:56:52 +0300


Started GET "/users/auth/twitter" for ::1 at 2016-04-15 14:56:53 +0300


Started GET "/users/auth/twitter/callback?oauth_token=vroqCQAAAAAAulGlAAABVBnH7zc&oauth_verifier=xoCU9ObwOiGFdzAwfiQZZGwSLGpZVOAi" for ::1 at 2016-04-15 14:56:55 +0300
Processing by Users::OmniauthCallbacksController#twitter as HTML
  Parameters: {"oauth_token"=>"vroqCQAAAAAAulGlAAABVBnH7zc", "oauth_verifier"=>"xoCU9ObwOiGFdzAwfiQZZGwSLGpZVOAi"}
  [1m[35mUser Load (0.5ms)[0m  SELECT  "users".* FROM "users" WHERE "users"."provider" = ? AND "users"."uid" = ?  ORDER BY "users"."id" ASC LIMIT 1  [["provider", "twitter"], ["uid", "85702176"]]
  [1m[36m (0.1ms)[0m  [1mbegin transaction[0m
  [1m[35m (0.1ms)[0m  rollback transaction
Redirected to http://localhost:3000/users/sign_up
Completed 302 Found in 100ms (ActiveRecord: 1.4ms)


Started GET "/users/sign_up" for ::1 at 2016-04-15 14:56:56 +0300
Processing by Devise::RegistrationsController#new as HTML
  Rendered devise/shared/_links.html.haml (1.3ms)
  Rendered devise/registrations/new.html.haml within layouts/application (308.4ms)
Completed 200 OK in 482ms (Views: 481.2ms | ActiveRecord: 0.0ms)
  [1m[36mActiveRecord::SchemaMigration Load (0.1ms)[0m  [1mSELECT "schema_migrations".* FROM "schema_migrations"[0m
Migrating to ChangeUserEmailLogin (20160415115944)
  [1m[35m (0.1ms)[0m  begin transaction
  [1m[36m (1.6ms)[0m  [1mCREATE TEMPORARY TABLE "ausers" ("id" INTEGER PRIMARY KEY AUTOINCREMENT NOT NULL, "email" varchar DEFAULT '' NOT NULL, "encrypted_password" varchar DEFAULT '' NOT NULL, "reset_password_token" varchar, "reset_password_sent_at" datetime, "remember_created_at" datetime, "sign_in_count" integer DEFAULT 0 NOT NULL, "current_sign_in_at" datetime, "last_sign_in_at" datetime, "current_sign_in_ip" varchar, "last_sign_in_ip" varchar, "created_at" datetime, "updated_at" datetime, "login" varchar, "full_name" varchar, "birthday" datetime, "address" varchar, "city" varchar, "state" varchar, "country" varchar, "zip" varchar, "latitude" float, "longitude" float, "provider" varchar, "uid" varchar) [0m
  [1m[35m (0.1ms)[0m              SELECT sql
            FROM sqlite_master
            WHERE name='index_users_on_reset_password_token' AND type='index'
            UNION ALL
            SELECT sql
            FROM sqlite_temp_master
            WHERE name='index_users_on_reset_password_token' AND type='index'

  [1m[36m (0.1ms)[0m  [1m            SELECT sql
            FROM sqlite_master
            WHERE name='index_users_on_email' AND type='index'
            UNION ALL
            SELECT sql
            FROM sqlite_temp_master
            WHERE name='index_users_on_email' AND type='index'
[0m
  [1m[35m (0.1ms)[0m  select sqlite_version(*)
  [1m[36m (0.4ms)[0m  [1mCREATE UNIQUE INDEX "tindex_ausers_on_reset_password_token" ON "ausers" ("reset_password_token")[0m
  [1m[35m (0.2ms)[0m  CREATE UNIQUE INDEX "tindex_ausers_on_email" ON "ausers" ("email")
  [1m[36m (0.1ms)[0m  [1mSELECT * FROM "users"[0m
  [1m[35m (0.1ms)[0m  INSERT INTO "ausers" ("id","email","encrypted_password","reset_password_token","reset_password_sent_at","remember_created_at","sign_in_count","current_sign_in_at","last_sign_in_at","current_sign_in_ip","last_sign_in_ip","created_at","updated_at","login","full_name","birthday","address","city","state","country","zip","latitude","longitude","provider","uid") VALUES (1, 'admin@example.com', '$2a$10$arp482b9nukHa.5zIrSEMumpBHsemXW2AP36bgTBIWUJPOhfvtKdC', NULL, NULL, NULL, 0, NULL, NULL, NULL, NULL, '2016-04-15 11:48:06.990664', '2016-04-15 11:48:06.990664', 'admin', 'Admin', NULL, NULL, NULL, NULL, NULL, NULL, NULL, NULL, NULL, NULL)
  [1m[36m (0.4ms)[0m  [1mDROP TABLE "users"[0m
  [1m[35m (0.2ms)[0m  CREATE TABLE "users" ("id" INTEGER PRIMARY KEY AUTOINCREMENT NOT NULL, "email" varchar DEFAULT '', "encrypted_password" varchar DEFAULT '' NOT NULL, "reset_password_token" varchar, "reset_password_sent_at" datetime, "remember_created_at" datetime, "sign_in_count" integer DEFAULT 0 NOT NULL, "current_sign_in_at" datetime, "last_sign_in_at" datetime, "current_sign_in_ip" varchar, "last_sign_in_ip" varchar, "created_at" datetime, "updated_at" datetime, "login" varchar, "full_name" varchar, "birthday" datetime, "address" varchar, "city" varchar, "state" varchar, "country" varchar, "zip" varchar, "latitude" float, "longitude" float, "provider" varchar, "uid" varchar) 
  [1m[36m (0.1ms)[0m  [1m            SELECT sql
            FROM sqlite_master
            WHERE name='tindex_ausers_on_email' AND type='index'
            UNION ALL
            SELECT sql
            FROM sqlite_temp_master
            WHERE name='tindex_ausers_on_email' AND type='index'
[0m
  [1m[35m (0.1ms)[0m              SELECT sql
            FROM sqlite_master
            WHERE name='tindex_ausers_on_reset_password_token' AND type='index'
            UNION ALL
            SELECT sql
            FROM sqlite_temp_master
            WHERE name='tindex_ausers_on_reset_password_token' AND type='index'

  [1m[36m (0.7ms)[0m  [1mCREATE UNIQUE INDEX "index_users_on_email" ON "users" ("email")[0m
  [1m[35m (0.1ms)[0m              SELECT sql
            FROM sqlite_master
            WHERE name='index_users_on_email' AND type='index'
            UNION ALL
            SELECT sql
            FROM sqlite_temp_master
            WHERE name='index_users_on_email' AND type='index'

  [1m[36m (0.5ms)[0m  [1mCREATE UNIQUE INDEX "index_users_on_reset_password_token" ON "users" ("reset_password_token")[0m
  [1m[35m (0.1ms)[0m  SELECT * FROM "ausers"
  [1m[36m (0.1ms)[0m  [1mINSERT INTO "users" ("id","email","encrypted_password","reset_password_token","reset_password_sent_at","remember_created_at","sign_in_count","current_sign_in_at","last_sign_in_at","current_sign_in_ip","last_sign_in_ip","created_at","updated_at","login","full_name","birthday","address","city","state","country","zip","latitude","longitude","provider","uid") VALUES (1, 'admin@example.com', '$2a$10$arp482b9nukHa.5zIrSEMumpBHsemXW2AP36bgTBIWUJPOhfvtKdC', NULL, NULL, NULL, 0, NULL, NULL, NULL, NULL, '2016-04-15 11:48:06.990664', '2016-04-15 11:48:06.990664', 'admin', 'Admin', NULL, NULL, NULL, NULL, NULL, NULL, NULL, NULL, NULL, NULL)[0m
  [1m[35m (0.3ms)[0m  DROP TABLE "ausers"
  [1m[36mSQL (0.2ms)[0m  [1mINSERT INTO "schema_migrations" ("version") VALUES (?)[0m  [["version", "20160415115944"]]
  [1m[35m (1.8ms)[0m  commit transaction
  [1m[36mActiveRecord::SchemaMigration Load (0.1ms)[0m  [1mSELECT "schema_migrations".* FROM "schema_migrations"[0m
  [1m[35m (0.1ms)[0m              SELECT sql
            FROM sqlite_master
            WHERE name='index_comments_on_user_id' AND type='index'
            UNION ALL
            SELECT sql
            FROM sqlite_temp_master
            WHERE name='index_comments_on_user_id' AND type='index'

  [1m[36m (0.1ms)[0m  [1m            SELECT sql
            FROM sqlite_master
            WHERE name='index_comments_on_message_id' AND type='index'
            UNION ALL
            SELECT sql
            FROM sqlite_temp_master
            WHERE name='index_comments_on_message_id' AND type='index'
[0m
  [1m[35m (0.2ms)[0m              SELECT sql
            FROM sqlite_master
            WHERE name='index_roles_on_name' AND type='index'
            UNION ALL
            SELECT sql
            FROM sqlite_temp_master
            WHERE name='index_roles_on_name' AND type='index'

  [1m[36m (0.1ms)[0m  [1m            SELECT sql
            FROM sqlite_master
            WHERE name='index_roles_on_name_and_resource_type_and_resource_id' AND type='index'
            UNION ALL
            SELECT sql
            FROM sqlite_temp_master
            WHERE name='index_roles_on_name_and_resource_type_and_resource_id' AND type='index'
[0m
  [1m[35m (0.1ms)[0m              SELECT sql
            FROM sqlite_master
            WHERE name='index_users_on_reset_password_token' AND type='index'
            UNION ALL
            SELECT sql
            FROM sqlite_temp_master
            WHERE name='index_users_on_reset_password_token' AND type='index'

  [1m[36m (0.4ms)[0m  [1m            SELECT sql
            FROM sqlite_master
            WHERE name='index_users_on_email' AND type='index'
            UNION ALL
            SELECT sql
            FROM sqlite_temp_master
            WHERE name='index_users_on_email' AND type='index'
[0m
  [1m[35m (0.2ms)[0m              SELECT sql
            FROM sqlite_master
            WHERE name='index_users_roles_on_user_id_and_role_id' AND type='index'
            UNION ALL
            SELECT sql
            FROM sqlite_temp_master
            WHERE name='index_users_roles_on_user_id_and_role_id' AND type='index'



Started GET "/users/auth/twitter" for ::1 at 2016-04-15 15:04:35 +0300
  [1m[36mActiveRecord::SchemaMigration Load (0.7ms)[0m  [1mSELECT "schema_migrations".* FROM "schema_migrations"[0m


Started GET "/users/auth/twitter" for ::1 at 2016-04-15 15:04:36 +0300


Started GET "/users/auth/twitter/callback?oauth_token=DkoGAwAAAAAAulGlAAABVBnO_0U&oauth_verifier=z4M6dVVs1vtjuFkCDfZ0xpMCW8U0jVjW" for ::1 at 2016-04-15 15:04:37 +0300
Processing by Users::OmniauthCallbacksController#twitter as HTML
  Parameters: {"oauth_token"=>"DkoGAwAAAAAAulGlAAABVBnO_0U", "oauth_verifier"=>"z4M6dVVs1vtjuFkCDfZ0xpMCW8U0jVjW"}
  [1m[35mUser Load (0.7ms)[0m  SELECT  "users".* FROM "users" WHERE "users"."provider" = ? AND "users"."uid" = ?  ORDER BY "users"."id" ASC LIMIT 1  [["provider", "twitter"], ["uid", "85702176"]]
  [1m[36m (0.1ms)[0m  [1mbegin transaction[0m
  [1m[35m (0.1ms)[0m  rollback transaction
Redirected to http://localhost:3000/users/sign_up
Completed 302 Found in 145ms (ActiveRecord: 1.4ms)


Started GET "/users/sign_up" for ::1 at 2016-04-15 15:04:39 +0300
Processing by Devise::RegistrationsController#new as HTML
  Rendered devise/shared/_links.html.haml (5.0ms)
  Rendered devise/registrations/new.html.haml within layouts/application (537.1ms)
Completed 200 OK in 957ms (Views: 951.7ms | ActiveRecord: 0.0ms)


Started GET "/users/auth/twitter" for ::1 at 2016-04-15 15:04:54 +0300


Started GET "/users/auth/twitter" for ::1 at 2016-04-15 15:04:56 +0300


Started GET "/users/auth/twitter/callback?oauth_token=4rgEEQAAAAAAulGlAAABVBnPTHE&oauth_verifier=nSH2kuEDlnDN1DCKMaTJE0TQdYrsEQXy" for ::1 at 2016-04-15 15:04:57 +0300
Processing by Users::OmniauthCallbacksController#twitter as HTML
  Parameters: {"oauth_token"=>"4rgEEQAAAAAAulGlAAABVBnPTHE", "oauth_verifier"=>"nSH2kuEDlnDN1DCKMaTJE0TQdYrsEQXy"}
  [1m[36mUser Load (1.0ms)[0m  [1mSELECT "users".* FROM "users"[0m
  [1m[35mCACHE (0.0ms)[0m  SELECT "users".* FROM "users"
  [1m[36mUser Load (0.3ms)[0m  [1mSELECT  "users".* FROM "users" WHERE "users"."provider" = ? AND "users"."uid" = ?  ORDER BY "users"."id" ASC LIMIT 1[0m  [["provider", "twitter"], ["uid", "85702176"]]
  [1m[35m (0.1ms)[0m  begin transaction
  [1m[36m (0.1ms)[0m  [1mrollback transaction[0m
Redirected to http://localhost:3000/users/sign_up
Completed 302 Found in 30782ms (ActiveRecord: 2.1ms)


Started GET "/users/sign_up" for ::1 at 2016-04-15 15:05:29 +0300
Processing by Devise::RegistrationsController#new as HTML
  Rendered devise/shared/_links.html.haml (1.1ms)
  Rendered devise/registrations/new.html.haml within layouts/application (429.6ms)
Completed 200 OK in 589ms (Views: 587.8ms | ActiveRecord: 0.0ms)


Started GET "/users/auth/twitter" for ::1 at 2016-04-15 15:05:45 +0300


Started GET "/users/auth/twitter" for ::1 at 2016-04-15 15:05:46 +0300


Started GET "/users/auth/twitter/callback?oauth_token=6fFIBQAAAAAAulGlAAABVBnQERM&oauth_verifier=jiXke8OcenqoXf0HXPMsDuF0sJ7bLA84" for ::1 at 2016-04-15 15:05:47 +0300
Processing by Users::OmniauthCallbacksController#twitter as HTML
  Parameters: {"oauth_token"=>"6fFIBQAAAAAAulGlAAABVBnQERM", "oauth_verifier"=>"jiXke8OcenqoXf0HXPMsDuF0sJ7bLA84"}
  [1m[35mUser Load (2.2ms)[0m  SELECT  "users".* FROM "users" WHERE "users"."provider" = ? AND "users"."uid" = ?  ORDER BY "users"."id" ASC LIMIT 1  [["provider", "twitter"], ["uid", "85702176"]]
  [1m[36m (0.1ms)[0m  [1mbegin transaction[0m
  [1m[35m (0.1ms)[0m  rollback transaction
  [1m[36mUser Load (0.4ms)[0m  [1mSELECT "users".* FROM "users"[0m
Redirected to http://localhost:3000/users/sign_up
Completed 302 Found in 34620ms (ActiveRecord: 4.6ms)


Started GET "/users/sign_up" for ::1 at 2016-04-15 15:06:24 +0300
Processing by Devise::RegistrationsController#new as HTML
  Rendered devise/shared/_links.html.haml (0.8ms)
  Rendered devise/registrations/new.html.haml within layouts/application (338.9ms)
Completed 200 OK in 641ms (Views: 617.9ms | ActiveRecord: 0.8ms)


Started GET "/users/auth/twitter" for ::1 at 2016-04-15 15:06:27 +0300


Started GET "/users/auth/twitter" for ::1 at 2016-04-15 15:06:28 +0300


Started GET "/users/auth/twitter/callback?oauth_token=lShbzQAAAAAAulGlAAABVBnQtlg&oauth_verifier=ieTzj56rMkTbIHhjUSWkwERhYtAlJUD7" for ::1 at 2016-04-15 15:06:30 +0300
Processing by Users::OmniauthCallbacksController#twitter as HTML
  Parameters: {"oauth_token"=>"lShbzQAAAAAAulGlAAABVBnQtlg", "oauth_verifier"=>"ieTzj56rMkTbIHhjUSWkwERhYtAlJUD7"}
  [1m[35mUser Load (1.8ms)[0m  SELECT  "users".* FROM "users" WHERE "users"."provider" = ? AND "users"."uid" = ?  ORDER BY "users"."id" ASC LIMIT 1  [["provider", "twitter"], ["uid", "85702176"]]
  [1m[36m (0.2ms)[0m  [1mbegin transaction[0m
  [1m[35m (0.1ms)[0m  rollback transaction
Redirected to http://localhost:3000/users/sign_up
Completed 302 Found in 3479ms (ActiveRecord: 2.0ms)


Started GET "/users/sign_up" for ::1 at 2016-04-15 15:06:35 +0300
Processing by Devise::RegistrationsController#new as HTML
  Rendered devise/shared/_links.html.haml (0.8ms)
  Rendered devise/registrations/new.html.haml within layouts/application (374.9ms)
Completed 200 OK in 514ms (Views: 512.9ms | ActiveRecord: 0.0ms)


Started GET "/users/auth/twitter" for ::1 at 2016-04-15 15:06:52 +0300
  [1m[36mActiveRecord::SchemaMigration Load (0.5ms)[0m  [1mSELECT "schema_migrations".* FROM "schema_migrations"[0m


Started GET "/users/auth/twitter" for ::1 at 2016-04-15 15:06:53 +0300


Started GET "/users/auth/twitter/callback?oauth_token=dsXaWQAAAAAAulGlAAABVBnRFq8&oauth_verifier=tOTEWNgg3PMvnp29Wlz6RCqHU6gJafx3" for ::1 at 2016-04-15 15:06:55 +0300
Processing by Users::OmniauthCallbacksController#twitter as HTML
  Parameters: {"oauth_token"=>"dsXaWQAAAAAAulGlAAABVBnRFq8", "oauth_verifier"=>"tOTEWNgg3PMvnp29Wlz6RCqHU6gJafx3"}
  [1m[35mUser Load (0.6ms)[0m  SELECT  "users".* FROM "users" WHERE "users"."provider" = ? AND "users"."uid" = ?  ORDER BY "users"."id" ASC LIMIT 1  [["provider", "twitter"], ["uid", "85702176"]]
  [1m[36m (0.1ms)[0m  [1mbegin transaction[0m
  [1m[35m (0.1ms)[0m  rollback transaction
  [1m[36m (0.1ms)[0m  [1mbegin transaction[0m
  [1m[35m (0.1ms)[0m  rollback transaction
Redirected to http://localhost:3000/users/sign_up
Completed 302 Found in 234612ms (ActiveRecord: 1.6ms)


Started GET "/users/sign_up" for ::1 at 2016-04-15 15:10:51 +0300
Processing by Devise::RegistrationsController#new as HTML
  Rendered devise/shared/_links.html.haml (3.2ms)
  Rendered devise/registrations/new.html.haml within layouts/application (567.3ms)
Completed 200 OK in 1046ms (Views: 1008.8ms | ActiveRecord: 1.1ms)


Started GET "/users/auth/twitter" for ::1 at 2016-04-15 15:11:02 +0300
  [1m[36mActiveRecord::SchemaMigration Load (0.9ms)[0m  [1mSELECT "schema_migrations".* FROM "schema_migrations"[0m


Started GET "/users/auth/twitter" for ::1 at 2016-04-15 15:11:02 +0300


Started GET "/users/auth/twitter/callback?oauth_token=XojA9gAAAAAAulGlAAABVBnU5c4&oauth_verifier=dY3HV6umveqGRMcKWzMgI8eyAVzOPaUr" for ::1 at 2016-04-15 15:11:04 +0300
Processing by Users::OmniauthCallbacksController#twitter as HTML
  Parameters: {"oauth_token"=>"XojA9gAAAAAAulGlAAABVBnU5c4", "oauth_verifier"=>"dY3HV6umveqGRMcKWzMgI8eyAVzOPaUr"}
  [1m[35m (1.8ms)[0m  SELECT COUNT(*) FROM "users"
  [1m[36mUser Load (0.7ms)[0m  [1mSELECT  "users".* FROM "users" WHERE "users"."provider" = ? AND "users"."uid" = ?  ORDER BY "users"."id" ASC LIMIT 1[0m  [["provider", "twitter"], ["uid", "85702176"]]
  [1m[35m (0.2ms)[0m  begin transaction
  [1m[36mSQL (1.2ms)[0m  [1mINSERT INTO "users" ("provider", "uid", "login", "encrypted_password", "created_at", "updated_at") VALUES (?, ?, ?, ?, ?, ?)[0m  [["provider", "twitter"], ["uid", "85702176"], ["login", "madundead"], ["encrypted_password", "$2a$10$agRcTyeKPxz4OediPWUOU.A7EMk/GzhXy7lkMceAVKjD1cXXFztZ6"], ["created_at", "2016-04-15 12:11:16.672874"], ["updated_at", "2016-04-15 12:11:16.672874"]]
  [1m[35m (0.9ms)[0m  commit transaction
  [1m[36m (0.1ms)[0m  [1mbegin transaction[0m
  [1m[35mSQL (0.5ms)[0m  UPDATE "users" SET "last_sign_in_at" = ?, "current_sign_in_at" = ?, "last_sign_in_ip" = ?, "current_sign_in_ip" = ?, "sign_in_count" = ?, "updated_at" = ? WHERE "users"."id" = ?  [["last_sign_in_at", "2016-04-15 12:11:23.465555"], ["current_sign_in_at", "2016-04-15 12:11:23.465555"], ["last_sign_in_ip", "::1"], ["current_sign_in_ip", "::1"], ["sign_in_count", 1], ["updated_at", "2016-04-15 12:11:23.466856"], ["id", 2]]
  [1m[36m (0.7ms)[0m  [1mcommit transaction[0m
Redirected to http://localhost:3000/
Completed 302 Found in 17458ms (ActiveRecord: 6.9ms)


Started GET "/" for ::1 at 2016-04-15 15:11:23 +0300
Processing by MessagesController#index as HTML
  [1m[35mMessage Load (0.6ms)[0m  SELECT "messages".* FROM "messages"  ORDER BY created_at DESC
  Rendered messages/index.html.haml within layouts/application (8.0ms)
  [1m[36mUser Load (0.3ms)[0m  [1mSELECT  "users".* FROM "users" WHERE "users"."id" = ?  ORDER BY "users"."id" ASC LIMIT 1[0m  [["id", 2]]
Completed 200 OK in 369ms (Views: 362.2ms | ActiveRecord: 1.0ms)


Started GET "/users/edit" for ::1 at 2016-04-15 15:11:27 +0300
Processing by Devise::RegistrationsController#edit as HTML
  [1m[35mUser Load (0.2ms)[0m  SELECT  "users".* FROM "users" WHERE "users"."id" = ?  ORDER BY "users"."id" ASC LIMIT 1  [["id", 2]]
  Rendered devise/registrations/edit.html.haml within layouts/application (571.0ms)
Completed 200 OK in 707ms (Views: 703.5ms | ActiveRecord: 0.2ms)


Started GET "/users/edit" for ::1 at 2016-04-15 15:11:27 +0300
Processing by Devise::RegistrationsController#edit as HTML
  [1m[36mUser Load (0.2ms)[0m  [1mSELECT  "users".* FROM "users" WHERE "users"."id" = ?  ORDER BY "users"."id" ASC LIMIT 1[0m  [["id", 2]]
  Rendered devise/registrations/edit.html.haml within layouts/application (317.2ms)
Completed 200 OK in 471ms (Views: 469.3ms | ActiveRecord: 0.2ms)


Started DELETE "/users/logout" for ::1 at 2016-04-15 15:15:03 +0300
Processing by Devise::SessionsController#destroy as HTML
  Parameters: {"authenticity_token"=>"eHJglk/6xFm9zMn96eJNWHiy/URET3ob+dLZ39EB3WCn+bYeb1rcHsIc6UPp7dKtcIZBTq4lLOYLuYDGiW50cQ=="}
  [1m[35mUser Load (0.3ms)[0m  SELECT  "users".* FROM "users" WHERE "users"."id" = ?  ORDER BY "users"."id" ASC LIMIT 1  [["id", 2]]
  [1m[36m (0.1ms)[0m  [1mbegin transaction[0m
  [1m[35m (0.1ms)[0m  commit transaction
Redirected to http://localhost:3000/
Completed 302 Found in 31ms (ActiveRecord: 1.5ms)


Started GET "/" for ::1 at 2016-04-15 15:15:03 +0300
Processing by MessagesController#index as HTML
  [1m[36mMessage Load (0.5ms)[0m  [1mSELECT "messages".* FROM "messages"  ORDER BY created_at DESC[0m
  Rendered messages/index.html.haml within layouts/application (1.9ms)
Completed 200 OK in 162ms (Views: 156.5ms | ActiveRecord: 0.7ms)


Started GET "/users/auth/twitter" for ::1 at 2016-04-15 15:15:05 +0300


Started GET "/users/auth/twitter" for ::1 at 2016-04-15 15:15:06 +0300


Started GET "/users/auth/twitter/callback?oauth_token=WoyrqwAAAAAAulGlAAABVBnYnIY&oauth_verifier=wrQUfxVXpFpwQBWeTtEsWCdix1aJl9HM" for ::1 at 2016-04-15 15:15:08 +0300
Processing by Users::OmniauthCallbacksController#twitter as HTML
  Parameters: {"oauth_token"=>"WoyrqwAAAAAAulGlAAABVBnYnIY", "oauth_verifier"=>"wrQUfxVXpFpwQBWeTtEsWCdix1aJl9HM"}
  [1m[35mUser Load (0.2ms)[0m  SELECT  "users".* FROM "users" WHERE "users"."provider" = ? AND "users"."uid" = ?  ORDER BY "users"."id" ASC LIMIT 1  [["provider", "twitter"], ["uid", "85702176"]]
  [1m[36m (0.1ms)[0m  [1mbegin transaction[0m
  [1m[35mSQL (0.3ms)[0m  UPDATE "users" SET "current_sign_in_at" = ?, "sign_in_count" = ?, "updated_at" = ? WHERE "users"."id" = ?  [["current_sign_in_at", "2016-04-15 12:15:09.619509"], ["sign_in_count", 2], ["updated_at", "2016-04-15 12:15:09.620481"], ["id", 2]]
  [1m[36m (0.7ms)[0m  [1mcommit transaction[0m
Redirected to http://localhost:3000/
Completed 302 Found in 6ms (ActiveRecord: 1.4ms)


Started GET "/" for ::1 at 2016-04-15 15:15:09 +0300
Processing by MessagesController#index as HTML
  [1m[35mMessage Load (0.2ms)[0m  SELECT "messages".* FROM "messages"  ORDER BY created_at DESC
  Rendered messages/index.html.haml within layouts/application (0.8ms)
  [1m[36mUser Load (0.1ms)[0m  [1mSELECT  "users".* FROM "users" WHERE "users"."id" = ?  ORDER BY "users"."id" ASC LIMIT 1[0m  [["id", 2]]
Completed 200 OK in 122ms (Views: 120.5ms | ActiveRecord: 0.3ms)
